# JRE version: OpenJDK Runtime Environment (11.0.11+9) (build 11.0.11+9-b60-7590822)
# Java VM: OpenJDK 64-Bit Server VM (11.0.11+9-b60-7590822, mixed mode, tiered, compressed oops, g1 gc, windows-amd64)
Heap:
 garbage-first heap   total 545792K, used 246649K [0x0000000080000000, 0x0000000100000000)
  region size 1024K, 13 young (13312K), 4 survivors (4096K)
 Metaspace       used 135454K, capacity 138504K, committed 139048K, reserved 1171456K
  class space    used 16366K, capacity 17549K, committed 17804K, reserved 1048576K
GC Heap History (20 events):
Event: 6922.351 GC heap after
{Heap after GC invocations=54 (full 0):
 garbage-first heap   total 225280K, used 132693K [0x0000000080000000, 0x0000000100000000)
  region size 1024K, 5 young (5120K), 5 survivors (5120K)
 Metaspace       used 134084K, capacity 137217K, committed 137256K, reserved 1169408K
  class space    used 16313K, capacity 17530K, committed 17548K, reserved 1048576K
}
Event: 6925.508 GC heap before
{Heap before GC invocations=54 (full 0):
 garbage-first heap   total 225280K, used 180821K [0x0000000080000000, 0x0000000100000000)
  region size 1024K, 53 young (54272K), 5 survivors (5120K)
 Metaspace       used 134429K, capacity 137596K, committed 137896K, reserved 1169408K
  class space    used 16326K, capacity 17565K, committed 17676K, reserved 1048576K
}
Event: 6925.517 GC heap after
{Heap after GC invocations=55 (full 0):
 garbage-first heap   total 225280K, used 129033K [0x0000000080000000, 0x0000000100000000)
  region size 1024K, 2 young (2048K), 2 survivors (2048K)
 Metaspace       used 134429K, capacity 137596K, committed 137896K, reserved 1169408K
  class space    used 16326K, capacity 17565K, committed 17676K, reserved 1048576K
}
Event: 6927.950 GC heap before
{Heap before GC invocations=55 (full 0):
 garbage-first heap   total 225280K, used 183305K [0x0000000080000000, 0x0000000100000000)
  region size 1024K, 54 young (55296K), 2 survivors (2048K)
 Metaspace       used 134759K, capacity 137921K, committed 138152K, reserved 1169408K
  class space    used 16369K, capacity 17609K, committed 17676K, reserved 1048576K
}
Event: 6927.976 GC heap after
{Heap after GC invocations=56 (full 0):
 garbage-first heap   total 225280K, used 137633K [0x0000000080000000, 0x0000000100000000)
  region size 1024K, 7 young (7168K), 7 survivors (7168K)
 Metaspace       used 134759K, capacity 137921K, committed 138152K, reserved 1169408K
  class space    used 16369K, capacity 17609K, committed 17676K, reserved 1048576K
}
Event: 6928.300 GC heap before
{Heap before GC invocations=56 (full 0):
 garbage-first heap   total 225280K, used 156065K [0x0000000080000000, 0x0000000100000000)
  region size 1024K, 25 young (25600K), 7 survivors (7168K)
 Metaspace       used 134773K, capacity 137924K, committed 138152K, reserved 1169408K
  class space    used 16370K, capacity 17610K, committed 17676K, reserved 1048576K
}
Event: 6928.322 GC heap after
{Heap after GC invocations=57 (full 0):
 garbage-first heap   total 225280K, used 138755K [0x0000000080000000, 0x0000000100000000)
  region size 1024K, 2 young (2048K), 2 survivors (2048K)
 Metaspace       used 134773K, capacity 137924K, committed 138152K, reserved 1169408K
  class space    used 16370K, capacity 17610K, committed 17676K, reserved 1048576K
}
Event: 6928.865 GC heap before
{Heap before GC invocations=58 (full 0):
 garbage-first heap   total 225280K, used 197123K [0x0000000080000000, 0x0000000100000000)
  region size 1024K, 39 young (39936K), 2 survivors (2048K)
 Metaspace       used 134613K, capacity 137691K, committed 138408K, reserved 1169408K
  class space    used 16269K, capacity 17438K, committed 17676K, reserved 1048576K
}
Event: 6928.892 GC heap after
{Heap after GC invocations=59 (full 0):
 garbage-first heap   total 225280K, used 165422K [0x0000000080000000, 0x0000000100000000)
  region size 1024K, 5 young (5120K), 5 survivors (5120K)
 Metaspace       used 134613K, capacity 137691K, committed 138408K, reserved 1169408K
  class space    used 16269K, capacity 17438K, committed 17676K, reserved 1048576K
}
Event: 6928.921 GC heap before
{Heap before GC invocations=59 (full 0):
 garbage-first heap   total 225280K, used 171566K [0x0000000080000000, 0x0000000100000000)
  region size 1024K, 11 young (11264K), 5 survivors (5120K)
 Metaspace       used 134613K, capacity 137691K, committed 138408K, reserved 1169408K
  class space    used 16269K, capacity 17438K, committed 17676K, reserved 1048576K
}
Event: 6928.957 GC heap after
{Heap after GC invocations=60 (full 0):
 garbage-first heap   total 270336K, used 154624K [0x0000000080000000, 0x0000000100000000)
  region size 1024K, 2 young (2048K), 2 survivors (2048K)
 Metaspace       used 134613K, capacity 137691K, committed 138408K, reserved 1169408K
  class space    used 16269K, capacity 17438K, committed 17676K, reserved 1048576K
}
Event: 6929.314 GC heap before
{Heap before GC invocations=60 (full 0):
 garbage-first heap   total 270336K, used 201728K [0x0000000080000000, 0x0000000100000000)
  region size 1024K, 47 young (48128K), 2 survivors (2048K)
 Metaspace       used 135251K, capacity 138297K, committed 138792K, reserved 1171456K
  class space    used 16367K, capacity 17552K, committed 17804K, reserved 1048576K
}
Event: 6929.363 GC heap after
{Heap after GC invocations=61 (full 0):
 garbage-first heap   total 270336K, used 181760K [0x0000000080000000, 0x0000000100000000)
  region size 1024K, 6 young (6144K), 6 survivors (6144K)
 Metaspace       used 135251K, capacity 138297K, committed 138792K, reserved 1171456K
  class space    used 16367K, capacity 17552K, committed 17804K, reserved 1048576K
}
Event: 6929.479 GC heap before
{Heap before GC invocations=61 (full 0):
 garbage-first heap   total 270336K, used 210432K [0x0000000080000000, 0x0000000100000000)
  region size 1024K, 35 young (35840K), 6 survivors (6144K)
 Metaspace       used 135254K, capacity 138297K, committed 138792K, reserved 1171456K
  class space    used 16367K, capacity 17552K, committed 17804K, reserved 1048576K
}
Event: 6929.520 GC heap after
{Heap after GC invocations=62 (full 0):
 garbage-first heap   total 270336K, used 199680K [0x0000000080000000, 0x0000000100000000)
  region size 1024K, 5 young (5120K), 5 survivors (5120K)
 Metaspace       used 135254K, capacity 138297K, committed 138792K, reserved 1171456K
  class space    used 16367K, capacity 17552K, committed 17804K, reserved 1048576K
}
Event: 6929.842 GC heap before
{Heap before GC invocations=62 (full 0):
 garbage-first heap   total 270336K, used 218112K [0x0000000080000000, 0x0000000100000000)
  region size 1024K, 24 young (24576K), 5 survivors (5120K)
 Metaspace       used 135346K, capacity 138368K, committed 139048K, reserved 1171456K
  class space    used 16368K, capacity 17552K, committed 17804K, reserved 1048576K
}
Event: 6930.218 GC heap after
{Heap after GC invocations=63 (full 0):
 garbage-first heap   total 270336K, used 208896K [0x0000000080000000, 0x0000000100000000)
  region size 1024K, 3 young (3072K), 3 survivors (3072K)
 Metaspace       used 135346K, capacity 138368K, committed 139048K, reserved 1171456K
  class space    used 16368K, capacity 17552K, committed 17804K, reserved 1048576K
}
Event: 6930.876 GC heap before
{Heap before GC invocations=63 (full 0):
 garbage-first heap   total 270336K, used 215040K [0x0000000080000000, 0x0000000100000000)
  region size 1024K, 18 young (18432K), 3 survivors (3072K)
 Metaspace       used 135369K, capacity 138425K, committed 139048K, reserved 1171456K
  class space    used 16366K, capacity 17549K, committed 17804K, reserved 1048576K
}
Event: 6930.919 GC heap after
{Heap after GC invocations=64 (full 0):
 garbage-first heap   total 545792K, used 202591K [0x0000000080000000, 0x0000000100000000)
  region size 1024K, 2 young (2048K), 2 survivors (2048K)
 Metaspace       used 135369K, capacity 138425K, committed 139048K, reserved 1171456K
  class space    used 16366K, capacity 17549K, committed 17804K, reserved 1048576K
}
Event: 6934.330 GC heap before
{Heap before GC invocations=65 (full 0):
 garbage-first heap   total 545792K, used 302943K [0x0000000080000000, 0x0000000100000000)
  region size 1024K, 79 young (80896K), 2 survivors (2048K)
 Metaspace       used 135454K, capacity 138504K, committed 139048K, reserved 1171456K
  class space    used 16366K, capacity 17549K, committed 17804K, reserved 1048576K
}

